d:\_mo\_arc\chip_mo.db
d:\_mo\_arc\*.rtf
d:\_mo\_arc\CHIP_MO.CHM
d:\_mo\_arc\chip_mo.exe
d:\_mo\_arc\unrar.exe
d:\_mo\_arc\*.DLL
d:\_mo\_arc\SMP_2.FR3
d:\_mo\_arc\SMPP_2.FR3
d:\_mo\_arc\F066.FR3
d:\_mo\_arc\IST_BOL.FR3
d:\_mo\_arc\IST_BOLRJD.FR3
d:\_mo\_arc\LU_STAC.FR3
d:\_mo\_arc\MO_*.FR3
d:\_mo\_arc\MO_*.HRB
d:\_mo\_arc\DISP_NAB.FRM
d:\_mo\_arc\FORMA_12.FRM
d:\_mo\_arc\FORMA_14.FRM
d:\_mo\_arc\FORMA_16.FRM
d:\_mo\_arc\FORMA_57.FRM
d:\_mo\_arc\STAT_COM.FRM
d:\_mo\_arc\LIST_066.SHB
d:\_mo\_arc\LIST_U_8.SHB
d:\_mo\_arc\LIST_U_9.SHB
d:\_mo\_arc\F066.SHB
d:\_mo\_arc\IST_BOL.SHB
d:\_mo\_arc\LU_STAC.SHB
d:\_mo\_arc\SVOD_DVN.SHB
d:\_mo\_arc\ReadEPolis.application
d:\_mo\_arc\ReadEPolis.exe
d:\_mo\_arc\ReadEPolis.exe.config
d:\_mo\_arc\ReadEPolis.exe.manifest
d:\_mo\_arc\*.xls
d:\_mo\_arc\*.xlsx
d:\_mo\_arc\*.dbf
d:\_mo\_arc\*.dbt
d:\_mo\_arc\*.ttf
